<?xml version="1.0" encoding="UTF-8"?>
<testsuite xmlns:xsi="http://www.w3.org/2001/XMLSchema-instance" xsi:noNamespaceSchemaLocation="https://maven.apache.org/surefire/maven-surefire-plugin/xsd/surefire-test-report-3.0.xsd" version="3.0" name="com.esempla.proxy.ProxyLibraryApplicationTests" time="3.419" tests="1" errors="0" skipped="0" failures="0">
  <properties>
[...]
</properties>
  <testcase name="contextLoads" classname="com.esempla.proxy.ProxyLibraryApplicationTests" time="0.301">
    <system-out><![CDATA[18:01:35.805 [main] INFO org.springframework.test.context.support.AnnotationConfigContextLoaderUtils -- Could not detect default configuration classes for test class [com.esempla.proxy.ProxyLibraryApplicationTests]: ProxyLibraryApplicationTests does not declare any static, non-private, non-final, nested classes annotated with @Configuration.
18:01:35.860 [main] INFO org.springframework.boot.test.context.SpringBootTestContextBootstrapper -- Found @SpringBootConfiguration com.esempla.proxy.ProxyLibraryApplication for test class com.esempla.proxy.ProxyLibraryApplicationTests

  .   ____          _            __ _ _
 /\\ / ___'_ __ _ _(_)_ __  __ _ \ \ \ \
( ( )\___ | '_ | '_| | '_ \/ _` | \ \ \ \
 \\/  ___)| |_)| | | | | || (_| |  ) ) ) )
  '  |____| .__|_| |_|_| |_\__, | / / / /
 =========|_|==============|___/=/_/_/_/
 :: Spring Boot ::                (v3.1.0)

 &amp#27;[30m2023-06-21 18:01:36,117&amp#27;[0;39m &amp#27;[34mINFO &amp#27;[0;39m [&amp#27;[31mmain&amp#27;[0;39m] &amp#27;[32mo.s.b.StartupInfoLogger&amp#27;[0;39m: Starting ProxyLibraryApplicationTests using Java 20.0.1 with PID 11325 (started by coda in /home/coda/Desktop/TestProjects/ProxyLibrary)
 &amp#27;[30m2023-06-21 18:01:36,118&amp#27;[0;39m &amp#27;[39mDEBUG&amp#27;[0;39m [&amp#27;[31mmain&amp#27;[0;39m] &amp#27;[32mo.s.b.StartupInfoLogger&amp#27;[0;39m: Running with Spring Boot v3.1.0, Spring v6.0.9
 &amp#27;[30m2023-06-21 18:01:36,119&amp#27;[0;39m &amp#27;[34mINFO &amp#27;[0;39m [&amp#27;[31mmain&amp#27;[0;39m] &amp#27;[32mo.s.b.SpringApplication&amp#27;[0;39m: No active profile set, falling back to 1 default profile: "default"
 &amp#27;[30m2023-06-21 18:01:36,527&amp#27;[0;39m &amp#27;[34mINFO &amp#27;[0;39m [&amp#27;[31mmain&amp#27;[0;39m] &amp#27;[32mo.s.d.r.c.RepositoryConfigurationDelegate&amp#27;[0;39m: Bootstrapping Spring Data JPA repositories in DEFAULT mode.
 &amp#27;[30m2023-06-21 18:01:36,558&amp#27;[0;39m &amp#27;[34mINFO &amp#27;[0;39m [&amp#27;[31mmain&amp#27;[0;39m] &amp#27;[32mo.s.d.r.c.RepositoryConfigurationDelegate&amp#27;[0;39m: Finished Spring Data repository scanning in 27 ms. Found 4 JPA repository interfaces.
 &amp#27;[30m2023-06-21 18:01:36,714&amp#27;[0;39m &amp#27;[34mINFO &amp#27;[0;39m [&amp#27;[31mmain&amp#27;[0;39m] &amp#27;[32mo.s.c.s.PostProcessorRegistrationDelegate$BeanPostProcessorChecker&amp#27;[0;39m: Bean 'webServiceConfig' of type [com.esempla.proxy.config.WebServiceConfig$$SpringCGLIB$$0] is not eligible for getting processed by all BeanPostProcessors (for example: not eligible for auto-proxying)
 &amp#27;[30m2023-06-21 18:01:36,715&amp#27;[0;39m &amp#27;[34mINFO &amp#27;[0;39m [&amp#27;[31mmain&amp#27;[0;39m] &amp#27;[32mo.s.c.s.PostProcessorRegistrationDelegate$BeanPostProcessorChecker&amp#27;[0;39m: Bean 'org.springframework.ws.config.annotation.DelegatingWsConfiguration' of type [org.springframework.ws.config.annotation.DelegatingWsConfiguration$$SpringCGLIB$$0] is not eligible for getting processed by all BeanPostProcessors (for example: not eligible for auto-proxying)
 &amp#27;[30m2023-06-21 18:01:36,734&amp#27;[0;39m &amp#27;[34mINFO &amp#27;[0;39m [&amp#27;[31mmain&amp#27;[0;39m] &amp#27;[32mo.s.w.s.a.s.AbstractAddressingEndpointMapping&amp#27;[0;39m: Supporting [WS-Addressing August 2004, WS-Addressing 1.0]
 &amp#27;[30m2023-06-21 18:01:36,832&amp#27;[0;39m &amp#27;[34mINFO &amp#27;[0;39m [&amp#27;[31mmain&amp#27;[0;39m] &amp#27;[32mo.h.j.i.u.LogHelper&amp#27;[0;39m: HHH000204: Processing PersistenceUnitInfo [name: default]
 &amp#27;[30m2023-06-21 18:01:36,859&amp#27;[0;39m &amp#27;[34mINFO &amp#27;[0;39m [&amp#27;[31mmain&amp#27;[0;39m] &amp#27;[32mo.h.Version&amp#27;[0;39m: HHH000412: Hibernate ORM core version 6.2.2.Final
 &amp#27;[30m2023-06-21 18:01:36,861&amp#27;[0;39m &amp#27;[34mINFO &amp#27;[0;39m [&amp#27;[31mmain&amp#27;[0;39m] &amp#27;[32mo.h.c.Environment&amp#27;[0;39m: HHH000406: Using bytecode reflection optimizer
 &amp#27;[30m2023-06-21 18:01:36,942&amp#27;[0;39m &amp#27;[34mINFO &amp#27;[0;39m [&amp#27;[31mmain&amp#27;[0;39m] &amp#27;[32mo.h.b.i.BytecodeProviderInitiator&amp#27;[0;39m: HHH000021: Bytecode provider name : bytebuddy
 &amp#27;[30m2023-06-21 18:01:37,011&amp#27;[0;39m &amp#27;[34mINFO &amp#27;[0;39m [&amp#27;[31mmain&amp#27;[0;39m] &amp#27;[32mo.s.o.j.p.SpringPersistenceUnitInfo&amp#27;[0;39m: No LoadTimeWeaver setup: ignoring JPA class transformer
 &amp#27;[30m2023-06-21 18:01:37,026&amp#27;[0;39m &amp#27;[34mINFO &amp#27;[0;39m [&amp#27;[31mmain&amp#27;[0;39m] &amp#27;[32mo.h.e.j.d.i.DialectFactoryImpl&amp#27;[0;39m: HHH035001: Using dialect: org.hibernate.dialect.PostgreSQLDialect, version: 10.0
 &amp#27;[30m2023-06-21 18:01:37,152&amp#27;[0;39m &amp#27;[34mINFO &amp#27;[0;39m [&amp#27;[31mmain&amp#27;[0;39m] &amp#27;[32mo.h.b.i.BytecodeProviderInitiator&amp#27;[0;39m: HHH000021: Bytecode provider name : bytebuddy
 &amp#27;[30m2023-06-21 18:01:37,488&amp#27;[0;39m &amp#27;[34mINFO &amp#27;[0;39m [&amp#27;[31mmain&amp#27;[0;39m] &amp#27;[32mo.h.e.t.j.p.i.JtaPlatformInitiator&amp#27;[0;39m: HHH000490: Using JtaPlatform implementation: [org.hibernate.engine.transaction.jta.platform.internal.NoJtaPlatform]
 &amp#27;[30m2023-06-21 18:01:37,497&amp#27;[0;39m &amp#27;[34mINFO &amp#27;[0;39m [&amp#27;[31mmain&amp#27;[0;39m] &amp#27;[32mc.z.h.HikariDataSource&amp#27;[0;39m: HikariPool-1 - Starting...
 &amp#27;[30m2023-06-21 18:01:37,703&amp#27;[0;39m &amp#27;[34mINFO &amp#27;[0;39m [&amp#27;[31mmain&amp#27;[0;39m] &amp#27;[32mc.z.h.p.HikariPool&amp#27;[0;39m: HikariPool-1 - Added connection org.postgresql.jdbc.PgConnection@4e7151b3
 &amp#27;[30m2023-06-21 18:01:37,705&amp#27;[0;39m &amp#27;[34mINFO &amp#27;[0;39m [&amp#27;[31mmain&amp#27;[0;39m] &amp#27;[32mc.z.h.HikariDataSource&amp#27;[0;39m: HikariPool-1 - Start completed.
 &amp#27;[30m2023-06-21 18:01:37,782&amp#27;[0;39m &amp#27;[34mINFO &amp#27;[0;39m [&amp#27;[31mmain&amp#27;[0;39m] &amp#27;[32mo.s.o.j.AbstractEntityManagerFactoryBean&amp#27;[0;39m: Initialized JPA EntityManagerFactory for persistence unit 'default'
 &amp#27;[30m2023-06-21 18:01:38,085&amp#27;[0;39m &amp#27;[34mINFO &amp#27;[0;39m [&amp#27;[31mmain&amp#27;[0;39m] &amp#27;[32mo.s.w.s.s.SaajSoapMessageFactory&amp#27;[0;39m: Creating SAAJ 1.3 MessageFactory with SOAP 1.1 Protocol
 &amp#27;[30m2023-06-21 18:01:38,234&amp#27;[0;39m &amp#27;[31mWARN &amp#27;[0;39m [&amp#27;[31mmain&amp#27;[0;39m] &amp#27;[32mo.s.b.a.o.j.JpaBaseConfiguration$JpaWebConfiguration&amp#27;[0;39m: spring.jpa.open-in-view is enabled by default. Therefore, database queries may be performed during view rendering. Explicitly configure spring.jpa.open-in-view to disable this warning
 &amp#27;[30m2023-06-21 18:01:38,795&amp#27;[0;39m &amp#27;[34mINFO &amp#27;[0;39m [&amp#27;[31mmain&amp#27;[0;39m] &amp#27;[32mo.s.a.r.c.AbstractConnectionFactory&amp#27;[0;39m: Attempting to connect to: [localhost:5672]
 &amp#27;[30m2023-06-21 18:01:38,798&amp#27;[0;39m &amp#27;[34mINFO &amp#27;[0;39m [&amp#27;[31mmain&amp#27;[0;39m] &amp#27;[32mo.s.a.r.l.AbstractMessageListenerContainer&amp#27;[0;39m: Broker not available; cannot force queue declarations during start: java.net.ConnectException: Connection refused
 &amp#27;[30m2023-06-21 18:01:38,803&amp#27;[0;39m &amp#27;[34mINFO &amp#27;[0;39m [&amp#27;[31morg.springframework.amqp.rabbit.RabbitListenerEndpointContainer#0-1&amp#27;[0;39m] &amp#27;[32mo.s.a.r.c.AbstractConnectionFactory&amp#27;[0;39m: Attempting to connect to: [localhost:5672]
 &amp#27;[30m2023-06-21 18:01:38,804&amp#27;[0;39m &amp#27;[1;31mERROR&amp#27;[0;39m [&amp#27;[31morg.springframework.amqp.rabbit.RabbitListenerEndpointContainer#0-1&amp#27;[0;39m] &amp#27;[32mo.s.a.r.l.AbstractMessageListenerContainer&amp#27;[0;39m: Failed to check/redeclare auto-delete queue(s).
org.springframework.amqp.AmqpConnectException: java.net.ConnectException: Connection refused
	at org.springframework.amqp.rabbit.support.RabbitExceptionTranslator.convertRabbitAccessException(RabbitExceptionTranslator.java:61)
	at org.springframework.amqp.rabbit.connection.AbstractConnectionFactory.createBareConnection(AbstractConnectionFactory.java:594)
	at org.springframework.amqp.rabbit.connection.CachingConnectionFactory.createConnection(CachingConnectionFactory.java:687)
	at org.springframework.amqp.rabbit.connection.ConnectionFactoryUtils.createConnection(ConnectionFactoryUtils.java:257)
	at org.springframework.amqp.rabbit.core.RabbitTemplate.doExecute(RabbitTemplate.java:2225)
	at org.springframework.amqp.rabbit.core.RabbitTemplate.execute(RabbitTemplate.java:2198)
	at org.springframework.amqp.rabbit.core.RabbitTemplate.execute(RabbitTemplate.java:2178)
	at org.springframework.amqp.rabbit.core.RabbitAdmin.getQueueInfo(RabbitAdmin.java:459)
	at org.springframework.amqp.rabbit.core.RabbitAdmin.getQueueProperties(RabbitAdmin.java:443)
	at org.springframework.amqp.rabbit.listener.AbstractMessageListenerContainer.attemptDeclarations(AbstractMessageListenerContainer.java:1987)
	at org.springframework.amqp.rabbit.listener.AbstractMessageListenerContainer.redeclareElementsIfNecessary(AbstractMessageListenerContainer.java:1960)
	at org.springframework.amqp.rabbit.listener.SimpleMessageListenerContainer$AsyncMessageProcessingConsumer.initialize(SimpleMessageListenerContainer.java:1384)
	at org.springframework.amqp.rabbit.listener.SimpleMessageListenerContainer$AsyncMessageProcessingConsumer.run(SimpleMessageListenerContainer.java:1230)
	at java.base/java.lang.Thread.run(Thread.java:1623)
Caused by: java.net.ConnectException: Connection refused
	at java.base/sun.nio.ch.Net.pollConnect(Native Method)
	at java.base/sun.nio.ch.Net.pollConnectNow(Net.java:673)
	at java.base/sun.nio.ch.NioSocketImpl.timedFinishConnect(NioSocketImpl.java:535)
	at java.base/sun.nio.ch.NioSocketImpl.connect(NioSocketImpl.java:585)
	at java.base/java.net.SocksSocketImpl.connect(SocksSocketImpl.java:327)
	at java.base/java.net.Socket.connect(Socket.java:666)
	at com.rabbitmq.client.impl.SocketFrameHandlerFactory.create(SocketFrameHandlerFactory.java:59)
	at com.rabbitmq.client.ConnectionFactory.newConnection(ConnectionFactory.java:1223)
	at com.rabbitmq.client.ConnectionFactory.newConnection(ConnectionFactory.java:1173)
	at org.springframework.amqp.rabbit.connection.AbstractConnectionFactory.connectAddresses(AbstractConnectionFactory.java:632)
	at org.springframework.amqp.rabbit.connection.AbstractConnectionFactory.connect(AbstractConnectionFactory.java:607)
	at org.springframework.amqp.rabbit.connection.AbstractConnectionFactory.createBareConnection(AbstractConnectionFactory.java:557)
	... 12 common frames omitted
 &amp#27;[30m2023-06-21 18:01:38,806&amp#27;[0;39m &amp#27;[34mINFO &amp#27;[0;39m [&amp#27;[31morg.springframework.amqp.rabbit.RabbitListenerEndpointContainer#0-1&amp#27;[0;39m] &amp#27;[32mo.s.a.r.c.AbstractConnectionFactory&amp#27;[0;39m: Attempting to connect to: [localhost:5672]
 &amp#27;[30m2023-06-21 18:01:38,814&amp#27;[0;39m &amp#27;[34mINFO &amp#27;[0;39m [&amp#27;[31mmain&amp#27;[0;39m] &amp#27;[32mo.s.b.StartupInfoLogger&amp#27;[0;39m: Started ProxyLibraryApplicationTests in 2.871 seconds (process running for 3.455)
]]></system-out>
  </testcase>
</testsuite>